c:\users\greg4\documents\projects\visual studio 2015\projects\frosty engine\engine\intermediates\build\core\release\x64\inputmanager.obj
c:\users\greg4\documents\projects\visual studio 2015\projects\frosty engine\engine\intermediates\build\core\release\x64\input.obj
c:\users\greg4\documents\projects\visual studio 2015\projects\frosty engine\engine\intermediates\build\core\release\x64\window.obj
c:\users\greg4\documents\projects\visual studio 2015\projects\frosty engine\engine\intermediates\build\core\release\x64\transform.obj
c:\users\greg4\documents\projects\visual studio 2015\projects\frosty engine\engine\intermediates\build\core\release\x64\texture.obj
c:\users\greg4\documents\projects\visual studio 2015\projects\frosty engine\engine\intermediates\build\core\release\x64\basicshader.obj
c:\users\greg4\documents\projects\visual studio 2015\projects\frosty engine\engine\intermediates\build\core\release\x64\shader.obj
c:\users\greg4\documents\projects\visual studio 2015\projects\frosty engine\engine\intermediates\build\core\release\x64\renderingsubsystem.obj
c:\users\greg4\documents\projects\visual studio 2015\projects\frosty engine\engine\intermediates\build\core\release\x64\mesh.obj
c:\users\greg4\documents\projects\visual studio 2015\projects\frosty engine\engine\intermediates\build\core\release\x64\material.obj
c:\users\greg4\documents\projects\visual studio 2015\projects\frosty engine\engine\intermediates\build\core\release\x64\camera.obj
c:\users\greg4\documents\projects\visual studio 2015\projects\frosty engine\engine\intermediates\build\core\release\x64\gameengine.obj
c:\users\greg4\documents\projects\visual studio 2015\projects\frosty engine\engine\intermediates\build\core\release\x64\application.obj
c:\users\greg4\documents\projects\visual studio 2015\projects\frosty engine\engine\binaries\core\release\x64\core.lib
c:\users\greg4\documents\projects\visual studio 2015\projects\frosty engine\engine\intermediates\project files\..\..\binaries\core\release\x64\core.lib
c:\users\greg4\documents\projects\visual studio 2015\projects\frosty engine\engine\intermediates\build\core\release\x64\core.tlog\cl.command.1.tlog
c:\users\greg4\documents\projects\visual studio 2015\projects\frosty engine\engine\intermediates\build\core\release\x64\core.tlog\cl.read.1.tlog
c:\users\greg4\documents\projects\visual studio 2015\projects\frosty engine\engine\intermediates\build\core\release\x64\core.tlog\cl.write.1.tlog
c:\users\greg4\documents\projects\visual studio 2015\projects\frosty engine\engine\intermediates\build\core\release\x64\core.tlog\lib-link.read.1.tlog
c:\users\greg4\documents\projects\visual studio 2015\projects\frosty engine\engine\intermediates\build\core\release\x64\core.tlog\lib-link.write.1.tlog
c:\users\greg4\documents\projects\visual studio 2015\projects\frosty engine\engine\intermediates\build\core\release\x64\core.tlog\lib.command.1.tlog
