  C:\Users\greg4\Documents\Projects\Visual Studio 2015\Projects\Frosty Engine\Engine\Third Party\Lib\GLFW\x86\glfw3.dll
  1 File(s) copied
  C:\Users\greg4\Documents\Projects\Visual Studio 2015\Projects\Frosty Engine\Engine\Third Party\Lib\GLEW\x86\glew32.dll
  1 File(s) copied
  C:\Users\greg4\Documents\Projects\Visual Studio 2015\Projects\Frosty Engine\Engine\Third Party\Lib\IrrKlang\x86\ikpFlac.dll
  C:\Users\greg4\Documents\Projects\Visual Studio 2015\Projects\Frosty Engine\Engine\Third Party\Lib\IrrKlang\x86\irrKlang.dll
  2 File(s) copied
  Deleted file - C:\Users\greg4\Documents\Projects\Visual Studio 2015\Projects\Frosty Engine\Engine\Binaries\Sandbox\Debug\x86\Assets\Audio\Tetris_theme.ogg
  Deleted file - C:\Users\greg4\Documents\Projects\Visual Studio 2015\Projects\Frosty Engine\Engine\Binaries\Sandbox\Debug\x86\Assets\Shaders\basicFragment.shader
  Deleted file - C:\Users\greg4\Documents\Projects\Visual Studio 2015\Projects\Frosty Engine\Engine\Binaries\Sandbox\Debug\x86\Assets\Shaders\basicVertex.shader
  Deleted file - C:\Users\greg4\Documents\Projects\Visual Studio 2015\Projects\Frosty Engine\Engine\Binaries\Sandbox\Debug\x86\Assets\Shaders\fractalFragment.shader
  Deleted file - C:\Users\greg4\Documents\Projects\Visual Studio 2015\Projects\Frosty Engine\Engine\Binaries\Sandbox\Debug\x86\Assets\Shaders\fractalVertex.shader
  Deleted file - C:\Users\greg4\Documents\Projects\Visual Studio 2015\Projects\Frosty Engine\Engine\Binaries\Sandbox\Debug\x86\Assets\Textures\Brick.jpg
  Deleted file - C:\Users\greg4\Documents\Projects\Visual Studio 2015\Projects\Frosty Engine\Engine\Binaries\Sandbox\Debug\x86\Assets\Textures\Grid.psd
  C:\Users\greg4\Documents\Projects\Visual Studio 2015\Projects\Frosty Engine\Engine\Assets\Audio\Tetris_theme.ogg
  C:\Users\greg4\Documents\Projects\Visual Studio 2015\Projects\Frosty Engine\Engine\Assets\Shaders\basicFragment.shader
  C:\Users\greg4\Documents\Projects\Visual Studio 2015\Projects\Frosty Engine\Engine\Assets\Shaders\basicVertex.shader
  C:\Users\greg4\Documents\Projects\Visual Studio 2015\Projects\Frosty Engine\Engine\Assets\Shaders\fractalFragment.shader
  C:\Users\greg4\Documents\Projects\Visual Studio 2015\Projects\Frosty Engine\Engine\Assets\Shaders\fractalVertex.shader
  C:\Users\greg4\Documents\Projects\Visual Studio 2015\Projects\Frosty Engine\Engine\Assets\Textures\Brick.jpg
  C:\Users\greg4\Documents\Projects\Visual Studio 2015\Projects\Frosty Engine\Engine\Assets\Textures\Grid.psd
  7 File(s) copied
