c:\users\greg4\documents\projects\visual studio 2015\projects\frosty engine\engine\intermediates\build\common\release\x86\time.obj
c:\users\greg4\documents\projects\visual studio 2015\projects\frosty engine\engine\intermediates\build\common\release\x86\string.obj
c:\users\greg4\documents\projects\visual studio 2015\projects\frosty engine\engine\intermediates\build\common\release\x86\random.obj
c:\users\greg4\documents\projects\visual studio 2015\projects\frosty engine\engine\intermediates\build\common\release\x86\file.obj
c:\users\greg4\documents\projects\visual studio 2015\projects\frosty engine\engine\intermediates\build\common\release\x86\vector4f.obj
c:\users\greg4\documents\projects\visual studio 2015\projects\frosty engine\engine\intermediates\build\common\release\x86\vector3f.obj
c:\users\greg4\documents\projects\visual studio 2015\projects\frosty engine\engine\intermediates\build\common\release\x86\vector2f.obj
c:\users\greg4\documents\projects\visual studio 2015\projects\frosty engine\engine\intermediates\build\common\release\x86\rectangle.obj
c:\users\greg4\documents\projects\visual studio 2015\projects\frosty engine\engine\intermediates\build\common\release\x86\quaternion.obj
c:\users\greg4\documents\projects\visual studio 2015\projects\frosty engine\engine\intermediates\build\common\release\x86\matrix4f.obj
c:\users\greg4\documents\projects\visual studio 2015\projects\frosty engine\engine\intermediates\build\common\release\x86\mathfunctions.obj
c:\users\greg4\documents\projects\visual studio 2015\projects\frosty engine\engine\intermediates\build\common\release\x86\colour.obj
c:\users\greg4\documents\projects\visual studio 2015\projects\frosty engine\engine\binaries\common\release\x86\common.lib
c:\users\greg4\documents\projects\visual studio 2015\projects\frosty engine\engine\intermediates\project files\..\..\binaries\common\release\x86\common.lib
c:\users\greg4\documents\projects\visual studio 2015\projects\frosty engine\engine\intermediates\build\common\release\x86\common.tlog\cl.command.1.tlog
c:\users\greg4\documents\projects\visual studio 2015\projects\frosty engine\engine\intermediates\build\common\release\x86\common.tlog\cl.read.1.tlog
c:\users\greg4\documents\projects\visual studio 2015\projects\frosty engine\engine\intermediates\build\common\release\x86\common.tlog\cl.write.1.tlog
c:\users\greg4\documents\projects\visual studio 2015\projects\frosty engine\engine\intermediates\build\common\release\x86\common.tlog\lib-link.read.1.tlog
c:\users\greg4\documents\projects\visual studio 2015\projects\frosty engine\engine\intermediates\build\common\release\x86\common.tlog\lib-link.write.1.tlog
c:\users\greg4\documents\projects\visual studio 2015\projects\frosty engine\engine\intermediates\build\common\release\x86\common.tlog\lib.command.1.tlog
