c:\users\greg4\documents\projects\visual studio 2015\projects\frosty engine\engine\intermediates\build\common\release\x64\time.obj
c:\users\greg4\documents\projects\visual studio 2015\projects\frosty engine\engine\intermediates\build\common\release\x64\string.obj
c:\users\greg4\documents\projects\visual studio 2015\projects\frosty engine\engine\intermediates\build\common\release\x64\random.obj
c:\users\greg4\documents\projects\visual studio 2015\projects\frosty engine\engine\intermediates\build\common\release\x64\file.obj
c:\users\greg4\documents\projects\visual studio 2015\projects\frosty engine\engine\intermediates\build\common\release\x64\vector4f.obj
c:\users\greg4\documents\projects\visual studio 2015\projects\frosty engine\engine\intermediates\build\common\release\x64\vector3f.obj
c:\users\greg4\documents\projects\visual studio 2015\projects\frosty engine\engine\intermediates\build\common\release\x64\vector2f.obj
c:\users\greg4\documents\projects\visual studio 2015\projects\frosty engine\engine\intermediates\build\common\release\x64\rectangle.obj
c:\users\greg4\documents\projects\visual studio 2015\projects\frosty engine\engine\intermediates\build\common\release\x64\quaternion.obj
c:\users\greg4\documents\projects\visual studio 2015\projects\frosty engine\engine\intermediates\build\common\release\x64\matrix4f.obj
c:\users\greg4\documents\projects\visual studio 2015\projects\frosty engine\engine\intermediates\build\common\release\x64\mathfunctions.obj
c:\users\greg4\documents\projects\visual studio 2015\projects\frosty engine\engine\intermediates\build\common\release\x64\colour.obj
c:\users\greg4\documents\projects\visual studio 2015\projects\frosty engine\engine\binaries\common\release\x64\common.lib
c:\users\greg4\documents\projects\visual studio 2015\projects\frosty engine\engine\intermediates\project files\..\..\binaries\common\release\x64\common.lib
c:\users\greg4\documents\projects\visual studio 2015\projects\frosty engine\engine\intermediates\build\common\release\x64\common.tlog\cl.command.1.tlog
c:\users\greg4\documents\projects\visual studio 2015\projects\frosty engine\engine\intermediates\build\common\release\x64\common.tlog\cl.read.1.tlog
c:\users\greg4\documents\projects\visual studio 2015\projects\frosty engine\engine\intermediates\build\common\release\x64\common.tlog\cl.write.1.tlog
c:\users\greg4\documents\projects\visual studio 2015\projects\frosty engine\engine\intermediates\build\common\release\x64\common.tlog\lib-link.read.1.tlog
c:\users\greg4\documents\projects\visual studio 2015\projects\frosty engine\engine\intermediates\build\common\release\x64\common.tlog\lib-link.write.1.tlog
c:\users\greg4\documents\projects\visual studio 2015\projects\frosty engine\engine\intermediates\build\common\release\x64\common.tlog\lib.command.1.tlog
